Flow report for SIFO_4
Tue Nov 22 15:25:09 2022
Quartus II Version 9.1 Build 222 10/21/2009 SJ Web Edition


---------------------
; Table of Contents ;
---------------------
  1. Legal Notice
  2. Flow Summary
  3. Flow Settings
  4. Flow Non-Default Global Settings
  5. Flow Elapsed Time
  6. Flow OS Summary
  7. Flow Log



----------------
; Legal Notice ;
----------------
Copyright (C) 1991-2009 Altera Corporation
Your use of Altera Corporation's design tools, logic functions 
and other software and tools, and its AMPP partner logic 
functions, and any output files from any of the foregoing 
(including device programming or simulation files), and any 
associated documentation or information are expressly subject 
to the terms and conditions of the Altera Program License 
Subscription Agreement, Altera MegaCore Function License 
Agreement, or other applicable license agreement, including, 
without limitation, that your use is for the sole purpose of 
programming logic devices manufactured by Altera and sold by 
Altera or its authorized distributors.  Please refer to the 
applicable agreement for further details.



+-------------------------------------------------------------------------+
; Flow Summary                                                            ;
+-------------------------------+-----------------------------------------+
; Flow Status                   ; Successful - Tue Nov 22 15:25:08 2022   ;
; Quartus II Version            ; 9.1 Build 222 10/21/2009 SJ Web Edition ;
; Revision Name                 ; SIFO_4                                  ;
; Top-level Entity Name         ; SIFO_4                                  ;
; Family                        ; Stratix II                              ;
; Met timing requirements       ; No                                      ;
; Logic utilization             ; < 1 %                                   ;
;     Combinational ALUTs       ; 52 / 12,480 ( < 1 % )                   ;
;     Dedicated logic registers ; 80 / 12,480 ( < 1 % )                   ;
; Total registers               ; 80                                      ;
; Total pins                    ; 104 / 343 ( 30 % )                      ;
; Total virtual pins            ; 0                                       ;
; Total block memory bits       ; 5,632 / 419,328 ( 1 % )                 ;
; DSP block 9-bit elements      ; 0 / 96 ( 0 % )                          ;
; Total PLLs                    ; 0 / 6 ( 0 % )                           ;
; Total DLLs                    ; 0 / 2 ( 0 % )                           ;
; Device                        ; EP2S15F484C3                            ;
; Timing Models                 ; Final                                   ;
+-------------------------------+-----------------------------------------+


+-----------------------------------------+
; Flow Settings                           ;
+-------------------+---------------------+
; Option            ; Setting             ;
+-------------------+---------------------+
; Start date & time ; 11/22/2022 15:24:17 ;
; Main task         ; Compilation         ;
; Revision Name     ; SIFO_4              ;
+-------------------+---------------------+


+--------------------------------------------------------------------------------------------------------------------+
; Flow Non-Default Global Settings                                                                                   ;
+------------------------------------+--------------------------------+---------------+-------------+----------------+
; Assignment Name                    ; Value                          ; Default Value ; Entity Name ; Section Id     ;
+------------------------------------+--------------------------------+---------------+-------------+----------------+
; COMPILER_SIGNATURE_ID              ; 39908816008469.166911985708364 ; --            ; --          ; --             ;
; IP_TOOL_NAME                       ; LPM_COUNTER                    ; --            ; --          ; --             ;
; IP_TOOL_NAME                       ; LPM_DECODE                     ; --            ; --          ; --             ;
; IP_TOOL_NAME                       ; LPM_FF                         ; --            ; --          ; --             ;
; IP_TOOL_NAME                       ; LPM_FF                         ; --            ; --          ; --             ;
; IP_TOOL_NAME                       ; LPM_FF                         ; --            ; --          ; --             ;
; IP_TOOL_NAME                       ; LPM_FF                         ; --            ; --          ; --             ;
; IP_TOOL_NAME                       ; LPM_COUNTER                    ; --            ; --          ; --             ;
; IP_TOOL_NAME                       ; LPM_BUSTRI                     ; --            ; --          ; --             ;
; IP_TOOL_NAME                       ; LPM_ROM                        ; --            ; --          ; --             ;
; IP_TOOL_NAME                       ; LPM_ROM                        ; --            ; --          ; --             ;
; IP_TOOL_NAME                       ; LPM_BUSTRI                     ; --            ; --          ; --             ;
; IP_TOOL_NAME                       ; LPM_BUSTRI                     ; --            ; --          ; --             ;
; IP_TOOL_NAME                       ; LPM_DECODE                     ; --            ; --          ; --             ;
; IP_TOOL_NAME                       ; LPM_DECODE                     ; --            ; --          ; --             ;
; IP_TOOL_NAME                       ; LPM_BUSTRI                     ; --            ; --          ; --             ;
; IP_TOOL_NAME                       ; LPM_FF                         ; --            ; --          ; --             ;
; IP_TOOL_NAME                       ; LPM_FF                         ; --            ; --          ; --             ;
; IP_TOOL_NAME                       ; LPM_FF                         ; --            ; --          ; --             ;
; IP_TOOL_NAME                       ; LPM_FF                         ; --            ; --          ; --             ;
; IP_TOOL_NAME                       ; LPM_BUSTRI                     ; --            ; --          ; --             ;
; IP_TOOL_NAME                       ; LPM_BUSTRI                     ; --            ; --          ; --             ;
; IP_TOOL_NAME                       ; LPM_FF                         ; --            ; --          ; --             ;
; IP_TOOL_NAME                       ; LPM_FF                         ; --            ; --          ; --             ;
; IP_TOOL_NAME                       ; LPM_RAM_DQ                     ; --            ; --          ; --             ;
; IP_TOOL_NAME                       ; LPM_BUSTRI                     ; --            ; --          ; --             ;
; IP_TOOL_VERSION                    ; 9.1                            ; --            ; --          ; --             ;
; IP_TOOL_VERSION                    ; 9.1                            ; --            ; --          ; --             ;
; IP_TOOL_VERSION                    ; 9.1                            ; --            ; --          ; --             ;
; IP_TOOL_VERSION                    ; 9.1                            ; --            ; --          ; --             ;
; IP_TOOL_VERSION                    ; 9.1                            ; --            ; --          ; --             ;
; IP_TOOL_VERSION                    ; 9.1                            ; --            ; --          ; --             ;
; IP_TOOL_VERSION                    ; 9.1                            ; --            ; --          ; --             ;
; IP_TOOL_VERSION                    ; 9.1                            ; --            ; --          ; --             ;
; IP_TOOL_VERSION                    ; 9.1                            ; --            ; --          ; --             ;
; IP_TOOL_VERSION                    ; 9.1                            ; --            ; --          ; --             ;
; IP_TOOL_VERSION                    ; 9.1                            ; --            ; --          ; --             ;
; IP_TOOL_VERSION                    ; 9.1                            ; --            ; --          ; --             ;
; IP_TOOL_VERSION                    ; 9.1                            ; --            ; --          ; --             ;
; IP_TOOL_VERSION                    ; 9.1                            ; --            ; --          ; --             ;
; IP_TOOL_VERSION                    ; 9.1                            ; --            ; --          ; --             ;
; IP_TOOL_VERSION                    ; 9.1                            ; --            ; --          ; --             ;
; IP_TOOL_VERSION                    ; 9.1                            ; --            ; --          ; --             ;
; IP_TOOL_VERSION                    ; 9.1                            ; --            ; --          ; --             ;
; IP_TOOL_VERSION                    ; 9.1                            ; --            ; --          ; --             ;
; IP_TOOL_VERSION                    ; 9.1                            ; --            ; --          ; --             ;
; IP_TOOL_VERSION                    ; 9.1                            ; --            ; --          ; --             ;
; IP_TOOL_VERSION                    ; 9.1                            ; --            ; --          ; --             ;
; IP_TOOL_VERSION                    ; 9.1                            ; --            ; --          ; --             ;
; IP_TOOL_VERSION                    ; 9.1                            ; --            ; --          ; --             ;
; IP_TOOL_VERSION                    ; 9.1                            ; --            ; --          ; --             ;
; MISC_FILE                          ; lpm_counter0.tdf               ; --            ; --          ; --             ;
; MISC_FILE                          ; lpm_counter0.bsf               ; --            ; --          ; --             ;
; MISC_FILE                          ; lpm_counter0.inc               ; --            ; --          ; --             ;
; MISC_FILE                          ; lpm_decode3.tdf                ; --            ; --          ; --             ;
; MISC_FILE                          ; lpm_decode3.bsf                ; --            ; --          ; --             ;
; MISC_FILE                          ; lpm_decode3.inc                ; --            ; --          ; --             ;
; MISC_FILE                          ; lpm_dff0.tdf                   ; --            ; --          ; --             ;
; MISC_FILE                          ; lpm_dff0.bsf                   ; --            ; --          ; --             ;
; MISC_FILE                          ; lpm_dff0.inc                   ; --            ; --          ; --             ;
; MISC_FILE                          ; lpm_dff1.tdf                   ; --            ; --          ; --             ;
; MISC_FILE                          ; lpm_dff1.bsf                   ; --            ; --          ; --             ;
; MISC_FILE                          ; lpm_dff1.inc                   ; --            ; --          ; --             ;
; MISC_FILE                          ; lpm_dff2.tdf                   ; --            ; --          ; --             ;
; MISC_FILE                          ; lpm_dff2.bsf                   ; --            ; --          ; --             ;
; MISC_FILE                          ; lpm_dff2.inc                   ; --            ; --          ; --             ;
; MISC_FILE                          ; lpm_dff3.tdf                   ; --            ; --          ; --             ;
; MISC_FILE                          ; lpm_dff3.bsf                   ; --            ; --          ; --             ;
; MISC_FILE                          ; lpm_dff3.inc                   ; --            ; --          ; --             ;
; MISC_FILE                          ; lpm_counter1.tdf               ; --            ; --          ; --             ;
; MISC_FILE                          ; lpm_counter1.bsf               ; --            ; --          ; --             ;
; MISC_FILE                          ; lpm_counter1.inc               ; --            ; --          ; --             ;
; MISC_FILE                          ; lpm_bustri0.tdf                ; --            ; --          ; --             ;
; MISC_FILE                          ; lpm_bustri0.bsf                ; --            ; --          ; --             ;
; MISC_FILE                          ; lpm_bustri0.inc                ; --            ; --          ; --             ;
; MISC_FILE                          ; lpm_rom0.tdf                   ; --            ; --          ; --             ;
; MISC_FILE                          ; lpm_rom0.bsf                   ; --            ; --          ; --             ;
; MISC_FILE                          ; lpm_rom0.inc                   ; --            ; --          ; --             ;
; MISC_FILE                          ; lpm_rom1.tdf                   ; --            ; --          ; --             ;
; MISC_FILE                          ; lpm_rom1.bsf                   ; --            ; --          ; --             ;
; MISC_FILE                          ; lpm_rom1.inc                   ; --            ; --          ; --             ;
; MISC_FILE                          ; lpm_bustri4.tdf                ; --            ; --          ; --             ;
; MISC_FILE                          ; lpm_bustri4.bsf                ; --            ; --          ; --             ;
; MISC_FILE                          ; lpm_bustri4.inc                ; --            ; --          ; --             ;
; MISC_FILE                          ; lpm_bustri1.tdf                ; --            ; --          ; --             ;
; MISC_FILE                          ; lpm_bustri1.bsf                ; --            ; --          ; --             ;
; MISC_FILE                          ; lpm_bustri1.inc                ; --            ; --          ; --             ;
; MISC_FILE                          ; lpm_decode0.tdf                ; --            ; --          ; --             ;
; MISC_FILE                          ; lpm_decode0.bsf                ; --            ; --          ; --             ;
; MISC_FILE                          ; lpm_decode0.inc                ; --            ; --          ; --             ;
; MISC_FILE                          ; lpm_decode4.tdf                ; --            ; --          ; --             ;
; MISC_FILE                          ; lpm_decode4.bsf                ; --            ; --          ; --             ;
; MISC_FILE                          ; lpm_decode4.inc                ; --            ; --          ; --             ;
; MISC_FILE                          ; lpm_bustri2.tdf                ; --            ; --          ; --             ;
; MISC_FILE                          ; lpm_bustri2.bsf                ; --            ; --          ; --             ;
; MISC_FILE                          ; lpm_bustri2.inc                ; --            ; --          ; --             ;
; MISC_FILE                          ; AX.tdf                         ; --            ; --          ; --             ;
; MISC_FILE                          ; AX.bsf                         ; --            ; --          ; --             ;
; MISC_FILE                          ; AX.inc                         ; --            ; --          ; --             ;
; MISC_FILE                          ; BX.tdf                         ; --            ; --          ; --             ;
; MISC_FILE                          ; BX.bsf                         ; --            ; --          ; --             ;
; MISC_FILE                          ; BX.inc                         ; --            ; --          ; --             ;
; MISC_FILE                          ; CX.tdf                         ; --            ; --          ; --             ;
; MISC_FILE                          ; CX.bsf                         ; --            ; --          ; --             ;
; MISC_FILE                          ; CX.inc                         ; --            ; --          ; --             ;
; MISC_FILE                          ; DX.tdf                         ; --            ; --          ; --             ;
; MISC_FILE                          ; DX.bsf                         ; --            ; --          ; --             ;
; MISC_FILE                          ; DX.inc                         ; --            ; --          ; --             ;
; MISC_FILE                          ; lpm_bustri15.tdf               ; --            ; --          ; --             ;
; MISC_FILE                          ; lpm_bustri15.bsf               ; --            ; --          ; --             ;
; MISC_FILE                          ; lpm_bustri15.inc               ; --            ; --          ; --             ;
; MISC_FILE                          ; lpm_bustri3.tdf                ; --            ; --          ; --             ;
; MISC_FILE                          ; lpm_bustri3.bsf                ; --            ; --          ; --             ;
; MISC_FILE                          ; lpm_bustri3.inc                ; --            ; --          ; --             ;
; MISC_FILE                          ; lpm_dff4.tdf                   ; --            ; --          ; --             ;
; MISC_FILE                          ; lpm_dff4.bsf                   ; --            ; --          ; --             ;
; MISC_FILE                          ; lpm_dff4.inc                   ; --            ; --          ; --             ;
; MISC_FILE                          ; FLG_REG.tdf                    ; --            ; --          ; --             ;
; MISC_FILE                          ; FLG_REG.bsf                    ; --            ; --          ; --             ;
; MISC_FILE                          ; FLG_REG.inc                    ; --            ; --          ; --             ;
; MISC_FILE                          ; lpm_ram_dq0.tdf                ; --            ; --          ; --             ;
; MISC_FILE                          ; lpm_ram_dq0.bsf                ; --            ; --          ; --             ;
; MISC_FILE                          ; lpm_ram_dq0.inc                ; --            ; --          ; --             ;
; MISC_FILE                          ; lpm_bustri5.tdf                ; --            ; --          ; --             ;
; MISC_FILE                          ; lpm_bustri5.bsf                ; --            ; --          ; --             ;
; MISC_FILE                          ; lpm_bustri5.inc                ; --            ; --          ; --             ;
; PARTITION_COLOR                    ; 16764057                       ; --            ; --          ; Top            ;
; PARTITION_NETLIST_TYPE             ; SOURCE                         ; --            ; --          ; Top            ;
; USE_GENERATED_PHYSICAL_CONSTRAINTS ; Off                            ; --            ; --          ; eda_blast_fpga ;
+------------------------------------+--------------------------------+---------------+-------------+----------------+


+-----------------------------------------------------------------------------------------------------------------------------+
; Flow Elapsed Time                                                                                                           ;
+-------------------------+--------------+-------------------------+---------------------+------------------------------------+
; Module Name             ; Elapsed Time ; Average Processors Used ; Peak Virtual Memory ; Total CPU Time (on all processors) ;
+-------------------------+--------------+-------------------------+---------------------+------------------------------------+
; Analysis & Synthesis    ; 00:00:10     ; 1.0                     ; 231 MB              ; 00:00:06                           ;
; Fitter                  ; 00:00:09     ; 1.0                     ; 261 MB              ; 00:00:04                           ;
; Assembler               ; 00:00:03     ; 1.0                     ; 229 MB              ; 00:00:01                           ;
; Classic Timing Analyzer ; 00:00:01     ; 1.0                     ; 159 MB              ; 00:00:00                           ;
; Total                   ; 00:00:23     ; --                      ; --                  ; 00:00:11                           ;
+-------------------------+--------------+-------------------------+---------------------+------------------------------------+


+------------------------------------------------------------------------------------------+
; Flow OS Summary                                                                          ;
+-------------------------+------------------+---------------+------------+----------------+
; Module Name             ; Machine Hostname ; OS Name       ; OS Version ; Processor type ;
+-------------------------+------------------+---------------+------------+----------------+
; Analysis & Synthesis    ; DESKTOP-OK0521I  ; Windows Vista ; 6.2        ; x86_64         ;
; Fitter                  ; DESKTOP-OK0521I  ; Windows Vista ; 6.2        ; x86_64         ;
; Assembler               ; DESKTOP-OK0521I  ; Windows Vista ; 6.2        ; x86_64         ;
; Classic Timing Analyzer ; DESKTOP-OK0521I  ; Windows Vista ; 6.2        ; x86_64         ;
+-------------------------+------------------+---------------+------------+----------------+


------------
; Flow Log ;
------------
quartus_map --read_settings_files=on --write_settings_files=off SIFO_4 -c SIFO_4
quartus_fit --read_settings_files=off --write_settings_files=off SIFO_4 -c SIFO_4
quartus_asm --read_settings_files=off --write_settings_files=off SIFO_4 -c SIFO_4
quartus_tan --read_settings_files=off --write_settings_files=off SIFO_4 -c SIFO_4 --timing_analysis_only



