Classic Timing Analyzer report for main
Fri Nov 04 12:56:04 2022
Quartus II Version 9.1 Build 222 10/21/2009 SJ Web Edition


---------------------
; Table of Contents ;
---------------------
  1. Legal Notice
  2. Timing Analyzer Summary
  3. Timing Analyzer Settings
  4. Clock Settings Summary
  5. Parallel Compilation
  6. Clock Setup: 'clk'
  7. tco
  8. Timing Analyzer Messages



----------------
; Legal Notice ;
----------------
Copyright (C) 1991-2009 Altera Corporation
Your use of Altera Corporation's design tools, logic functions 
and other software and tools, and its AMPP partner logic 
functions, and any output files from any of the foregoing 
(including device programming or simulation files), and any 
associated documentation or information are expressly subject 
to the terms and conditions of the Altera Program License 
Subscription Agreement, Altera MegaCore Function License 
Agreement, or other applicable license agreement, including, 
without limitation, that your use is for the sole purpose of 
programming logic devices manufactured by Altera and sold by 
Altera or its authorized distributors.  Please refer to the 
applicable agreement for further details.



+--------------------------------------------------------------------------------------------------------------------------------------------------------------------------------------------------------------------------------------------------------------------------------------------------------------------------------------------------------------------------+
; Timing Analyzer Summary                                                                                                                                                                                                                                                                                                                                                  ;
+------------------------------+-------+---------------+------------------------------------------------+-------------------------------------------------------------------------------------------------------------+-------------------------------------------------------------------------------------------------------------+------------+----------+--------------+
; Type                         ; Slack ; Required Time ; Actual Time                                    ; From                                                                                                        ; To                                                                                                          ; From Clock ; To Clock ; Failed Paths ;
+------------------------------+-------+---------------+------------------------------------------------+-------------------------------------------------------------------------------------------------------------+-------------------------------------------------------------------------------------------------------------+------------+----------+--------------+
; Worst-case tco               ; N/A   ; None          ; 6.723 ns                                       ; central_arbiter:inst1|lpm_counter1:inst|lpm_counter:lpm_counter_component|cntr_a1j:auto_generated|safe_q[2] ; time_quant[0]                                                                                               ; clk        ; --       ; 0            ;
; Clock Setup: 'clk'           ; N/A   ; None          ; Restricted to 500.00 MHz ( period = 2.000 ns ) ; central_arbiter:inst1|lpm_counter1:inst|lpm_counter:lpm_counter_component|cntr_a1j:auto_generated|safe_q[0] ; central_arbiter:inst1|lpm_counter1:inst|lpm_counter:lpm_counter_component|cntr_a1j:auto_generated|safe_q[3] ; clk        ; clk      ; 0            ;
; Total number of failed paths ;       ;               ;                                                ;                                                                                                             ;                                                                                                             ;            ;          ; 0            ;
+------------------------------+-------+---------------+------------------------------------------------+-------------------------------------------------------------------------------------------------------------+-------------------------------------------------------------------------------------------------------------+------------+----------+--------------+


+-----------------------------------------------------------------------------------------------------------------------------------------------------+
; Timing Analyzer Settings                                                                                                                            ;
+------------------------------------------------------------------------------------------------------+--------------------+------+----+-------------+
; Option                                                                                               ; Setting            ; From ; To ; Entity Name ;
+------------------------------------------------------------------------------------------------------+--------------------+------+----+-------------+
; Device Name                                                                                          ; EP2S15F484C3       ;      ;    ;             ;
; Timing Models                                                                                        ; Final              ;      ;    ;             ;
; Default hold multicycle                                                                              ; Same as Multicycle ;      ;    ;             ;
; Cut paths between unrelated clock domains                                                            ; On                 ;      ;    ;             ;
; Cut off read during write signal paths                                                               ; On                 ;      ;    ;             ;
; Cut off feedback from I/O pins                                                                       ; On                 ;      ;    ;             ;
; Report Combined Fast/Slow Timing                                                                     ; Off                ;      ;    ;             ;
; Ignore Clock Settings                                                                                ; Off                ;      ;    ;             ;
; Analyze latches as synchronous elements                                                              ; On                 ;      ;    ;             ;
; Enable Recovery/Removal analysis                                                                     ; Off                ;      ;    ;             ;
; Enable Clock Latency                                                                                 ; Off                ;      ;    ;             ;
; Use TimeQuest Timing Analyzer                                                                        ; Off                ;      ;    ;             ;
; Number of source nodes to report per destination node                                                ; 10                 ;      ;    ;             ;
; Number of destination nodes to report                                                                ; 10                 ;      ;    ;             ;
; Number of paths to report                                                                            ; 200                ;      ;    ;             ;
; Report Minimum Timing Checks                                                                         ; Off                ;      ;    ;             ;
; Use Fast Timing Models                                                                               ; Off                ;      ;    ;             ;
; Report IO Paths Separately                                                                           ; Off                ;      ;    ;             ;
; Perform Multicorner Analysis                                                                         ; On                 ;      ;    ;             ;
; Reports the worst-case path for each clock domain and analysis                                       ; Off                ;      ;    ;             ;
; Reports worst-case timing paths for each clock domain and analysis                                   ; Off                ;      ;    ;             ;
; Specifies the maximum number of worst-case timing paths to report for each clock domain and analysis ; 100                ;      ;    ;             ;
; Removes common clock path pessimism (CCPP) during slack computation                                  ; Off                ;      ;    ;             ;
; Output I/O Timing Endpoint                                                                           ; Near End           ;      ;    ;             ;
+------------------------------------------------------------------------------------------------------+--------------------+------+----+-------------+


+------------------------------------------------------------------------------------------------------------------------------------------------------------------------------------+
; Clock Settings Summary                                                                                                                                                             ;
+-----------------+--------------------+----------+------------------+---------------+--------------+----------+-----------------------+---------------------+--------+--------------+
; Clock Node Name ; Clock Setting Name ; Type     ; Fmax Requirement ; Early Latency ; Late Latency ; Based on ; Multiply Base Fmax by ; Divide Base Fmax by ; Offset ; Phase offset ;
+-----------------+--------------------+----------+------------------+---------------+--------------+----------+-----------------------+---------------------+--------+--------------+
; clk             ;                    ; User Pin ; None             ; 0.000 ns      ; 0.000 ns     ; --       ; N/A                   ; N/A                 ; N/A    ;              ;
+-----------------+--------------------+----------+------------------+---------------+--------------+----------+-----------------------+---------------------+--------+--------------+


Parallel compilation was disabled, but you have multiple processors available. Enable parallel compilation to reduce compilation time.
+-------------------------------------+
; Parallel Compilation                ;
+----------------------------+--------+
; Processors                 ; Number ;
+----------------------------+--------+
; Number detected on machine ; 4      ;
; Maximum allowed            ; 1      ;
+----------------------------+--------+


+------------------------------------------------------------------------------------------------------------------------------------------------------------------------------------------------------------------------------------------------------------------------------------------------------------------------------------------------------------------------------------------------+
; Clock Setup: 'clk'                                                                                                                                                                                                                                                                                                                                                                             ;
+-------+------------------------------------------------+-------------------------------------------------------------------------------------------------------------+-------------------------------------------------------------------------------------------------------------+------------+----------+-----------------------------+---------------------------+-------------------------+
; Slack ; Actual fmax (period)                           ; From                                                                                                        ; To                                                                                                          ; From Clock ; To Clock ; Required Setup Relationship ; Required Longest P2P Time ; Actual Longest P2P Time ;
+-------+------------------------------------------------+-------------------------------------------------------------------------------------------------------------+-------------------------------------------------------------------------------------------------------------+------------+----------+-----------------------------+---------------------------+-------------------------+
; N/A   ; Restricted to 500.00 MHz ( period = 2.000 ns ) ; central_arbiter:inst1|lpm_counter1:inst|lpm_counter:lpm_counter_component|cntr_a1j:auto_generated|safe_q[0] ; central_arbiter:inst1|lpm_counter1:inst|lpm_counter:lpm_counter_component|cntr_a1j:auto_generated|safe_q[1] ; clk        ; clk      ; None                        ; None                      ; 1.779 ns                ;
; N/A   ; Restricted to 500.00 MHz ( period = 2.000 ns ) ; central_arbiter:inst1|lpm_counter1:inst|lpm_counter:lpm_counter_component|cntr_a1j:auto_generated|safe_q[0] ; central_arbiter:inst1|lpm_counter1:inst|lpm_counter:lpm_counter_component|cntr_a1j:auto_generated|safe_q[2] ; clk        ; clk      ; None                        ; None                      ; 1.779 ns                ;
; N/A   ; Restricted to 500.00 MHz ( period = 2.000 ns ) ; central_arbiter:inst1|lpm_counter1:inst|lpm_counter:lpm_counter_component|cntr_a1j:auto_generated|safe_q[0] ; central_arbiter:inst1|lpm_counter1:inst|lpm_counter:lpm_counter_component|cntr_a1j:auto_generated|safe_q[0] ; clk        ; clk      ; None                        ; None                      ; 1.779 ns                ;
; N/A   ; Restricted to 500.00 MHz ( period = 2.000 ns ) ; central_arbiter:inst1|lpm_counter1:inst|lpm_counter:lpm_counter_component|cntr_a1j:auto_generated|safe_q[0] ; central_arbiter:inst1|lpm_counter1:inst|lpm_counter:lpm_counter_component|cntr_a1j:auto_generated|safe_q[3] ; clk        ; clk      ; None                        ; None                      ; 1.779 ns                ;
; N/A   ; Restricted to 500.00 MHz ( period = 2.000 ns ) ; central_arbiter:inst1|lpm_counter1:inst|lpm_counter:lpm_counter_component|cntr_a1j:auto_generated|safe_q[1] ; central_arbiter:inst1|lpm_counter1:inst|lpm_counter:lpm_counter_component|cntr_a1j:auto_generated|safe_q[1] ; clk        ; clk      ; None                        ; None                      ; 1.744 ns                ;
; N/A   ; Restricted to 500.00 MHz ( period = 2.000 ns ) ; central_arbiter:inst1|lpm_counter1:inst|lpm_counter:lpm_counter_component|cntr_a1j:auto_generated|safe_q[1] ; central_arbiter:inst1|lpm_counter1:inst|lpm_counter:lpm_counter_component|cntr_a1j:auto_generated|safe_q[2] ; clk        ; clk      ; None                        ; None                      ; 1.744 ns                ;
; N/A   ; Restricted to 500.00 MHz ( period = 2.000 ns ) ; central_arbiter:inst1|lpm_counter1:inst|lpm_counter:lpm_counter_component|cntr_a1j:auto_generated|safe_q[1] ; central_arbiter:inst1|lpm_counter1:inst|lpm_counter:lpm_counter_component|cntr_a1j:auto_generated|safe_q[0] ; clk        ; clk      ; None                        ; None                      ; 1.744 ns                ;
; N/A   ; Restricted to 500.00 MHz ( period = 2.000 ns ) ; central_arbiter:inst1|lpm_counter1:inst|lpm_counter:lpm_counter_component|cntr_a1j:auto_generated|safe_q[1] ; central_arbiter:inst1|lpm_counter1:inst|lpm_counter:lpm_counter_component|cntr_a1j:auto_generated|safe_q[3] ; clk        ; clk      ; None                        ; None                      ; 1.744 ns                ;
; N/A   ; Restricted to 500.00 MHz ( period = 2.000 ns ) ; central_arbiter:inst1|lpm_counter1:inst|lpm_counter:lpm_counter_component|cntr_a1j:auto_generated|safe_q[2] ; central_arbiter:inst1|lpm_counter1:inst|lpm_counter:lpm_counter_component|cntr_a1j:auto_generated|safe_q[1] ; clk        ; clk      ; None                        ; None                      ; 1.709 ns                ;
; N/A   ; Restricted to 500.00 MHz ( period = 2.000 ns ) ; central_arbiter:inst1|lpm_counter1:inst|lpm_counter:lpm_counter_component|cntr_a1j:auto_generated|safe_q[2] ; central_arbiter:inst1|lpm_counter1:inst|lpm_counter:lpm_counter_component|cntr_a1j:auto_generated|safe_q[2] ; clk        ; clk      ; None                        ; None                      ; 1.709 ns                ;
; N/A   ; Restricted to 500.00 MHz ( period = 2.000 ns ) ; central_arbiter:inst1|lpm_counter1:inst|lpm_counter:lpm_counter_component|cntr_a1j:auto_generated|safe_q[2] ; central_arbiter:inst1|lpm_counter1:inst|lpm_counter:lpm_counter_component|cntr_a1j:auto_generated|safe_q[0] ; clk        ; clk      ; None                        ; None                      ; 1.709 ns                ;
; N/A   ; Restricted to 500.00 MHz ( period = 2.000 ns ) ; central_arbiter:inst1|lpm_counter1:inst|lpm_counter:lpm_counter_component|cntr_a1j:auto_generated|safe_q[2] ; central_arbiter:inst1|lpm_counter1:inst|lpm_counter:lpm_counter_component|cntr_a1j:auto_generated|safe_q[3] ; clk        ; clk      ; None                        ; None                      ; 1.709 ns                ;
; N/A   ; Restricted to 500.00 MHz ( period = 2.000 ns ) ; central_arbiter:inst1|lpm_counter1:inst|lpm_counter:lpm_counter_component|cntr_a1j:auto_generated|safe_q[3] ; central_arbiter:inst1|lpm_counter1:inst|lpm_counter:lpm_counter_component|cntr_a1j:auto_generated|safe_q[1] ; clk        ; clk      ; None                        ; None                      ; 1.674 ns                ;
; N/A   ; Restricted to 500.00 MHz ( period = 2.000 ns ) ; central_arbiter:inst1|lpm_counter1:inst|lpm_counter:lpm_counter_component|cntr_a1j:auto_generated|safe_q[3] ; central_arbiter:inst1|lpm_counter1:inst|lpm_counter:lpm_counter_component|cntr_a1j:auto_generated|safe_q[2] ; clk        ; clk      ; None                        ; None                      ; 1.674 ns                ;
; N/A   ; Restricted to 500.00 MHz ( period = 2.000 ns ) ; central_arbiter:inst1|lpm_counter1:inst|lpm_counter:lpm_counter_component|cntr_a1j:auto_generated|safe_q[3] ; central_arbiter:inst1|lpm_counter1:inst|lpm_counter:lpm_counter_component|cntr_a1j:auto_generated|safe_q[0] ; clk        ; clk      ; None                        ; None                      ; 1.674 ns                ;
; N/A   ; Restricted to 500.00 MHz ( period = 2.000 ns ) ; central_arbiter:inst1|lpm_counter1:inst|lpm_counter:lpm_counter_component|cntr_a1j:auto_generated|safe_q[3] ; central_arbiter:inst1|lpm_counter1:inst|lpm_counter:lpm_counter_component|cntr_a1j:auto_generated|safe_q[3] ; clk        ; clk      ; None                        ; None                      ; 1.674 ns                ;
+-------+------------------------------------------------+-------------------------------------------------------------------------------------------------------------+-------------------------------------------------------------------------------------------------------------+------------+----------+-----------------------------+---------------------------+-------------------------+


+------------------------------------------------------------------------------------------------------------------------------------------------------------------------------+
; tco                                                                                                                                                                          ;
+-------+--------------+------------+-------------------------------------------------------------------------------------------------------------+---------------+------------+
; Slack ; Required tco ; Actual tco ; From                                                                                                        ; To            ; From Clock ;
+-------+--------------+------------+-------------------------------------------------------------------------------------------------------------+---------------+------------+
; N/A   ; None         ; 6.723 ns   ; central_arbiter:inst1|lpm_counter1:inst|lpm_counter:lpm_counter_component|cntr_a1j:auto_generated|safe_q[2] ; time_quant[0] ; clk        ;
; N/A   ; None         ; 6.701 ns   ; central_arbiter:inst1|lpm_counter1:inst|lpm_counter:lpm_counter_component|cntr_a1j:auto_generated|safe_q[3] ; time_quant[0] ; clk        ;
; N/A   ; None         ; 6.653 ns   ; central_arbiter:inst1|lpm_counter1:inst|lpm_counter:lpm_counter_component|cntr_a1j:auto_generated|safe_q[0] ; time_quant[2] ; clk        ;
; N/A   ; None         ; 6.614 ns   ; central_arbiter:inst1|lpm_counter1:inst|lpm_counter:lpm_counter_component|cntr_a1j:auto_generated|safe_q[0] ; time_quant[0] ; clk        ;
; N/A   ; None         ; 6.614 ns   ; central_arbiter:inst1|lpm_counter1:inst|lpm_counter:lpm_counter_component|cntr_a1j:auto_generated|safe_q[3] ; time_quant[2] ; clk        ;
; N/A   ; None         ; 6.482 ns   ; central_arbiter:inst1|lpm_counter1:inst|lpm_counter:lpm_counter_component|cntr_a1j:auto_generated|safe_q[1] ; time_quant[2] ; clk        ;
; N/A   ; None         ; 6.458 ns   ; central_arbiter:inst1|lpm_counter1:inst|lpm_counter:lpm_counter_component|cntr_a1j:auto_generated|safe_q[1] ; time_quant[0] ; clk        ;
; N/A   ; None         ; 6.265 ns   ; central_arbiter:inst1|lpm_counter1:inst|lpm_counter:lpm_counter_component|cntr_a1j:auto_generated|safe_q[2] ; time_quant[2] ; clk        ;
; N/A   ; None         ; 6.152 ns   ; central_arbiter:inst1|lpm_counter1:inst|lpm_counter:lpm_counter_component|cntr_a1j:auto_generated|safe_q[2] ; time_quant[1] ; clk        ;
; N/A   ; None         ; 6.086 ns   ; central_arbiter:inst1|lpm_counter1:inst|lpm_counter:lpm_counter_component|cntr_a1j:auto_generated|safe_q[3] ; time_quant[1] ; clk        ;
; N/A   ; None         ; 5.969 ns   ; central_arbiter:inst1|lpm_counter1:inst|lpm_counter:lpm_counter_component|cntr_a1j:auto_generated|safe_q[1] ; time_quant[1] ; clk        ;
; N/A   ; None         ; 5.800 ns   ; central_arbiter:inst1|lpm_counter1:inst|lpm_counter:lpm_counter_component|cntr_a1j:auto_generated|safe_q[0] ; time_quant[1] ; clk        ;
+-------+--------------+------------+-------------------------------------------------------------------------------------------------------------+---------------+------------+


+--------------------------+
; Timing Analyzer Messages ;
+--------------------------+
Info: *******************************************************************
Info: Running Quartus II Classic Timing Analyzer
    Info: Version 9.1 Build 222 10/21/2009 SJ Web Edition
    Info: Processing started: Fri Nov 04 12:56:04 2022
Info: Command: quartus_tan --read_settings_files=off --write_settings_files=off main -c main --timing_analysis_only
Warning: Found pins functioning as undefined clocks and/or memory enables
    Info: Assuming node "clk" is an undefined clock
Info: Clock "clk" Internal fmax is restricted to 500.0 MHz between source register "central_arbiter:inst1|lpm_counter1:inst|lpm_counter:lpm_counter_component|cntr_a1j:auto_generated|safe_q[0]" and destination register "central_arbiter:inst1|lpm_counter1:inst|lpm_counter:lpm_counter_component|cntr_a1j:auto_generated|safe_q[1]"
    Info: fmax restricted to clock pin edge rate 2.0 ns. Expand message to see actual delay path.
        Info: + Longest register to register delay is 1.779 ns
            Info: 1: + IC(0.000 ns) + CELL(0.000 ns) = 0.000 ns; Loc. = LCFF_X5_Y11_N17; Fanout = 6; REG Node = 'central_arbiter:inst1|lpm_counter1:inst|lpm_counter:lpm_counter_component|cntr_a1j:auto_generated|safe_q[0]'
            Info: 2: + IC(0.000 ns) + CELL(0.458 ns) = 0.458 ns; Loc. = LCCOMB_X5_Y11_N16; Fanout = 2; COMB Node = 'central_arbiter:inst1|lpm_counter1:inst|lpm_counter:lpm_counter_component|cntr_a1j:auto_generated|counter_comb_bita0~COUT'
            Info: 3: + IC(0.000 ns) + CELL(0.035 ns) = 0.493 ns; Loc. = LCCOMB_X5_Y11_N18; Fanout = 2; COMB Node = 'central_arbiter:inst1|lpm_counter1:inst|lpm_counter:lpm_counter_component|cntr_a1j:auto_generated|counter_comb_bita1~COUT'
            Info: 4: + IC(0.000 ns) + CELL(0.035 ns) = 0.528 ns; Loc. = LCCOMB_X5_Y11_N20; Fanout = 2; COMB Node = 'central_arbiter:inst1|lpm_counter1:inst|lpm_counter:lpm_counter_component|cntr_a1j:auto_generated|counter_comb_bita2~COUT'
            Info: 5: + IC(0.000 ns) + CELL(0.035 ns) = 0.563 ns; Loc. = LCCOMB_X5_Y11_N22; Fanout = 1; COMB Node = 'central_arbiter:inst1|lpm_counter1:inst|lpm_counter:lpm_counter_component|cntr_a1j:auto_generated|counter_comb_bita3~COUT'
            Info: 6: + IC(0.000 ns) + CELL(0.125 ns) = 0.688 ns; Loc. = LCCOMB_X5_Y11_N24; Fanout = 1; COMB Node = 'central_arbiter:inst1|lpm_counter1:inst|lpm_counter:lpm_counter_component|cntr_a1j:auto_generated|counter_comb_bita3~1'
            Info: 7: + IC(0.320 ns) + CELL(0.053 ns) = 1.061 ns; Loc. = LCCOMB_X5_Y11_N2; Fanout = 4; COMB Node = 'central_arbiter:inst1|lpm_counter1:inst|lpm_counter:lpm_counter_component|cntr_a1j:auto_generated|cout_actual'
            Info: 8: + IC(0.215 ns) + CELL(0.503 ns) = 1.779 ns; Loc. = LCFF_X5_Y11_N19; Fanout = 6; REG Node = 'central_arbiter:inst1|lpm_counter1:inst|lpm_counter:lpm_counter_component|cntr_a1j:auto_generated|safe_q[1]'
            Info: Total cell delay = 1.244 ns ( 69.93 % )
            Info: Total interconnect delay = 0.535 ns ( 30.07 % )
        Info: - Smallest clock skew is 0.000 ns
            Info: + Shortest clock path from clock "clk" to destination register is 2.482 ns
                Info: 1: + IC(0.000 ns) + CELL(0.854 ns) = 0.854 ns; Loc. = PIN_N20; Fanout = 1; CLK Node = 'clk'
                Info: 2: + IC(0.343 ns) + CELL(0.000 ns) = 1.197 ns; Loc. = CLKCTRL_G3; Fanout = 4; COMB Node = 'clk~clkctrl'
                Info: 3: + IC(0.667 ns) + CELL(0.618 ns) = 2.482 ns; Loc. = LCFF_X5_Y11_N19; Fanout = 6; REG Node = 'central_arbiter:inst1|lpm_counter1:inst|lpm_counter:lpm_counter_component|cntr_a1j:auto_generated|safe_q[1]'
                Info: Total cell delay = 1.472 ns ( 59.31 % )
                Info: Total interconnect delay = 1.010 ns ( 40.69 % )
            Info: - Longest clock path from clock "clk" to source register is 2.482 ns
                Info: 1: + IC(0.000 ns) + CELL(0.854 ns) = 0.854 ns; Loc. = PIN_N20; Fanout = 1; CLK Node = 'clk'
                Info: 2: + IC(0.343 ns) + CELL(0.000 ns) = 1.197 ns; Loc. = CLKCTRL_G3; Fanout = 4; COMB Node = 'clk~clkctrl'
                Info: 3: + IC(0.667 ns) + CELL(0.618 ns) = 2.482 ns; Loc. = LCFF_X5_Y11_N17; Fanout = 6; REG Node = 'central_arbiter:inst1|lpm_counter1:inst|lpm_counter:lpm_counter_component|cntr_a1j:auto_generated|safe_q[0]'
                Info: Total cell delay = 1.472 ns ( 59.31 % )
                Info: Total interconnect delay = 1.010 ns ( 40.69 % )
        Info: + Micro clock to output delay of source is 0.094 ns
        Info: + Micro setup delay of destination is 0.090 ns
Info: tco from clock "clk" to destination pin "time_quant[0]" through register "central_arbiter:inst1|lpm_counter1:inst|lpm_counter:lpm_counter_component|cntr_a1j:auto_generated|safe_q[2]" is 6.723 ns
    Info: + Longest clock path from clock "clk" to source register is 2.482 ns
        Info: 1: + IC(0.000 ns) + CELL(0.854 ns) = 0.854 ns; Loc. = PIN_N20; Fanout = 1; CLK Node = 'clk'
        Info: 2: + IC(0.343 ns) + CELL(0.000 ns) = 1.197 ns; Loc. = CLKCTRL_G3; Fanout = 4; COMB Node = 'clk~clkctrl'
        Info: 3: + IC(0.667 ns) + CELL(0.618 ns) = 2.482 ns; Loc. = LCFF_X5_Y11_N21; Fanout = 6; REG Node = 'central_arbiter:inst1|lpm_counter1:inst|lpm_counter:lpm_counter_component|cntr_a1j:auto_generated|safe_q[2]'
        Info: Total cell delay = 1.472 ns ( 59.31 % )
        Info: Total interconnect delay = 1.010 ns ( 40.69 % )
    Info: + Micro clock to output delay of source is 0.094 ns
    Info: + Longest register to pin delay is 4.147 ns
        Info: 1: + IC(0.000 ns) + CELL(0.000 ns) = 0.000 ns; Loc. = LCFF_X5_Y11_N21; Fanout = 6; REG Node = 'central_arbiter:inst1|lpm_counter1:inst|lpm_counter:lpm_counter_component|cntr_a1j:auto_generated|safe_q[2]'
        Info: 2: + IC(0.281 ns) + CELL(0.378 ns) = 0.659 ns; Loc. = LCCOMB_X5_Y11_N6; Fanout = 1; COMB Node = 'central_arbiter:inst1|inst4~0'
        Info: 3: + IC(1.354 ns) + CELL(2.134 ns) = 4.147 ns; Loc. = PIN_J18; Fanout = 0; PIN Node = 'time_quant[0]'
        Info: Total cell delay = 2.512 ns ( 60.57 % )
        Info: Total interconnect delay = 1.635 ns ( 39.43 % )
Info: Quartus II Classic Timing Analyzer was successful. 0 errors, 1 warning
    Info: Peak virtual memory: 188 megabytes
    Info: Processing ended: Fri Nov 04 12:56:04 2022
    Info: Elapsed time: 00:00:00
    Info: Total CPU time (on all processors): 00:00:00


