Classic Timing Analyzer report for Labus1
Fri Sep 09 15:31:42 2022
Quartus II Version 9.1 Build 222 10/21/2009 SJ Web Edition


---------------------
; Table of Contents ;
---------------------
  1. Legal Notice
  2. Timing Analyzer Summary
  3. Timing Analyzer Settings
  4. Parallel Compilation
  5. tpd
  6. Timing Analyzer Messages



----------------
; Legal Notice ;
----------------
Copyright (C) 1991-2009 Altera Corporation
Your use of Altera Corporation's design tools, logic functions 
and other software and tools, and its AMPP partner logic 
functions, and any output files from any of the foregoing 
(including device programming or simulation files), and any 
associated documentation or information are expressly subject 
to the terms and conditions of the Altera Program License 
Subscription Agreement, Altera MegaCore Function License 
Agreement, or other applicable license agreement, including, 
without limitation, that your use is for the sole purpose of 
programming logic devices manufactured by Altera and sold by 
Altera or its authorized distributors.  Please refer to the 
applicable agreement for further details.



+-----------------------------------------------------------------------------------------------------------------------+
; Timing Analyzer Summary                                                                                               ;
+------------------------------+-------+---------------+-------------+------+----+------------+----------+--------------+
; Type                         ; Slack ; Required Time ; Actual Time ; From ; To ; From Clock ; To Clock ; Failed Paths ;
+------------------------------+-------+---------------+-------------+------+----+------------+----------+--------------+
; Worst-case tpd               ; N/A   ; None          ; 10.300 ns   ; X4   ; Y2 ; --         ; --       ; 0            ;
; Total number of failed paths ;       ;               ;             ;      ;    ;            ;          ; 0            ;
+------------------------------+-------+---------------+-------------+------+----+------------+----------+--------------+


+-----------------------------------------------------------------------------------------------------------------------------------------------------+
; Timing Analyzer Settings                                                                                                                            ;
+------------------------------------------------------------------------------------------------------+--------------------+------+----+-------------+
; Option                                                                                               ; Setting            ; From ; To ; Entity Name ;
+------------------------------------------------------------------------------------------------------+--------------------+------+----+-------------+
; Device Name                                                                                          ; EP2S15F484C3       ;      ;    ;             ;
; Timing Models                                                                                        ; Final              ;      ;    ;             ;
; Default hold multicycle                                                                              ; Same as Multicycle ;      ;    ;             ;
; Cut paths between unrelated clock domains                                                            ; On                 ;      ;    ;             ;
; Cut off read during write signal paths                                                               ; On                 ;      ;    ;             ;
; Cut off feedback from I/O pins                                                                       ; On                 ;      ;    ;             ;
; Report Combined Fast/Slow Timing                                                                     ; Off                ;      ;    ;             ;
; Ignore Clock Settings                                                                                ; Off                ;      ;    ;             ;
; Analyze latches as synchronous elements                                                              ; On                 ;      ;    ;             ;
; Enable Recovery/Removal analysis                                                                     ; Off                ;      ;    ;             ;
; Enable Clock Latency                                                                                 ; Off                ;      ;    ;             ;
; Use TimeQuest Timing Analyzer                                                                        ; Off                ;      ;    ;             ;
; Number of source nodes to report per destination node                                                ; 10                 ;      ;    ;             ;
; Number of destination nodes to report                                                                ; 10                 ;      ;    ;             ;
; Number of paths to report                                                                            ; 200                ;      ;    ;             ;
; Report Minimum Timing Checks                                                                         ; Off                ;      ;    ;             ;
; Use Fast Timing Models                                                                               ; Off                ;      ;    ;             ;
; Report IO Paths Separately                                                                           ; Off                ;      ;    ;             ;
; Perform Multicorner Analysis                                                                         ; On                 ;      ;    ;             ;
; Reports the worst-case path for each clock domain and analysis                                       ; Off                ;      ;    ;             ;
; Reports worst-case timing paths for each clock domain and analysis                                   ; Off                ;      ;    ;             ;
; Specifies the maximum number of worst-case timing paths to report for each clock domain and analysis ; 100                ;      ;    ;             ;
; Removes common clock path pessimism (CCPP) during slack computation                                  ; Off                ;      ;    ;             ;
; Output I/O Timing Endpoint                                                                           ; Near End           ;      ;    ;             ;
+------------------------------------------------------------------------------------------------------+--------------------+------+----+-------------+


Parallel compilation was disabled, but you have multiple processors available. Enable parallel compilation to reduce compilation time.
+-------------------------------------+
; Parallel Compilation                ;
+----------------------------+--------+
; Processors                 ; Number ;
+----------------------------+--------+
; Number detected on machine ; 12     ;
; Maximum allowed            ; 1      ;
+----------------------------+--------+


+---------------------------------------------------------+
; tpd                                                     ;
+-------+-------------------+-----------------+------+----+
; Slack ; Required P2P Time ; Actual P2P Time ; From ; To ;
+-------+-------------------+-----------------+------+----+
; N/A   ; None              ; 10.300 ns       ; X4   ; Y2 ;
; N/A   ; None              ; 10.101 ns       ; X6   ; Y2 ;
; N/A   ; None              ; 9.868 ns        ; X6   ; Y1 ;
; N/A   ; None              ; 9.683 ns        ; X7   ; Y2 ;
; N/A   ; None              ; 9.608 ns        ; S    ; Y2 ;
; N/A   ; None              ; 9.519 ns        ; X5   ; Y2 ;
; N/A   ; None              ; 9.461 ns        ; X7   ; Y1 ;
; N/A   ; None              ; 9.278 ns        ; X3   ; Y1 ;
; N/A   ; None              ; 9.237 ns        ; X2   ; Y1 ;
; N/A   ; None              ; 9.149 ns        ; S    ; Y1 ;
; N/A   ; None              ; 7.761 ns        ; X7   ; Y0 ;
; N/A   ; None              ; 7.686 ns        ; S    ; Y0 ;
; N/A   ; None              ; 7.593 ns        ; X5   ; Y0 ;
; N/A   ; None              ; 7.513 ns        ; X3   ; Y0 ;
; N/A   ; None              ; 7.399 ns        ; X1   ; Y0 ;
+-------+-------------------+-----------------+------+----+


+--------------------------+
; Timing Analyzer Messages ;
+--------------------------+
Info: *******************************************************************
Info: Running Quartus II Classic Timing Analyzer
    Info: Version 9.1 Build 222 10/21/2009 SJ Web Edition
    Info: Processing started: Fri Sep 09 15:31:42 2022
Info: Command: quartus_tan --read_settings_files=off --write_settings_files=off Labus1 -c Labus1 --timing_analysis_only
Info: Longest tpd from source pin "X4" to destination pin "Y2" is 10.300 ns
    Info: 1: + IC(0.000 ns) + CELL(0.817 ns) = 0.817 ns; Loc. = PIN_F14; Fanout = 1; PIN Node = 'X4'
    Info: 2: + IC(4.738 ns) + CELL(0.225 ns) = 5.780 ns; Loc. = LCCOMB_X3_Y1_N16; Fanout = 1; COMB Node = 'inst5~0'
    Info: 3: + IC(2.588 ns) + CELL(1.932 ns) = 10.300 ns; Loc. = PIN_G15; Fanout = 0; PIN Node = 'Y2'
    Info: Total cell delay = 2.974 ns ( 28.87 % )
    Info: Total interconnect delay = 7.326 ns ( 71.13 % )
Info: Quartus II Classic Timing Analyzer was successful. 0 errors, 0 warnings
    Info: Peak virtual memory: 173 megabytes
    Info: Processing ended: Fri Sep 09 15:31:42 2022
    Info: Elapsed time: 00:00:00
    Info: Total CPU time (on all processors): 00:00:00


